0 info it worked if it ends with ok
1 verbose cli [ '/usr/local/bin/node', '/usr/local/bin/npm', 'publish' ]
2 info using npm@2.14.12
3 info using node@v4.2.6
4 verbose publish [ '.' ]
5 silly cache add args [ '.', null ]
6 verbose cache add spec .
7 silly cache add parsed spec Result {
7 silly cache add   raw: '.',
7 silly cache add   scope: null,
7 silly cache add   name: null,
7 silly cache add   rawSpec: '.',
7 silly cache add   spec: '/Users/lizi/Desktop/我的类库/dataAccess',
7 silly cache add   type: 'directory' }
8 verbose addLocalDirectory /Users/lizi/.npm/dataAccess/0.0.8/package.tgz not in flight; packing
9 verbose tar pack [ '/Users/lizi/.npm/dataAccess/0.0.8/package.tgz',
9 verbose tar pack   '/Users/lizi/Desktop/我的类库/dataAccess' ]
10 verbose tarball /Users/lizi/.npm/dataAccess/0.0.8/package.tgz
11 verbose folder /Users/lizi/Desktop/我的类库/dataAccess
12 info prepublish dataAccess@0.0.8
13 verbose addLocalTarball adding from inside cache /Users/lizi/.npm/dataAccess/0.0.8/package.tgz
14 silly cache afterAdd dataAccess@0.0.8
15 verbose afterAdd /Users/lizi/.npm/dataAccess/0.0.8/package/package.json not in flight; writing
16 verbose afterAdd /Users/lizi/.npm/dataAccess/0.0.8/package/package.json written
17 silly publish { name: 'dataAccess',
17 silly publish   version: '0.0.8',
17 silly publish   description: '封装了REDIS,以及MYSQL的数据访问层',
17 silly publish   author: { name: 'magiclizi' },
17 silly publish   repository:
17 silly publish    { type: 'git',
17 silly publish      url: 'git+https://github.com/MagicLizi/dataAccess.git' },
17 silly publish   dependencies: { async: '*', mysql: '*', redis: '^2.6.0-1' },
17 silly publish   readme: '# 使用\n```\n npm install dataAccess -save\n```\n\n#Test\n```\n/**\n * Created by lizi on 16/4/26.\n */\nvar dataAccess = require("dataAccess");\nvar executor =dataAccess.executor;\nvar command = dataAccess.command;\n\n//设置连接池配置,如果不设置则使用LIB里的config文件\ndataAccess.setPoolConfig(require("./config.json"));\n\n//设置Redis配置,如果不设置则为本机\ndataAccess.setRedisConfig(require("./redisConfig.json"));\n\n//初始化command\nvar c1  = new command("SELECT * FROM dataAccess",[]);\nvar c2 = new command("INSERT INTO dataAccess (test,test1) VALUES(?,?)",["t1","t2"]);\nvar c3 = new command("UPDATE dataAccess SET test = ?,test1 = ?",["u1","u2"]);\nvar c4 = new command("DELETE FROM dataAccess WHERE id = ?",[1]);\n//执行查询\nexecutor.query("test",c3,function(e,r)\n{\n    console.log(e);\n    console.log(r);\n});\n\n//执行事物\nexecutor.transaction("test",[c1,c2,c3,c4],function(e,r)\n{\n    console.log(e);\n    console.log(r);\n});\n\n//redis 设置\nexecutor.redisSet("test","key1","ke1test");\n\n//redis 获取\nexecutor.redisGet("test","key1",function(e,r)\n{\n    console.log(e);\n    console.log(r);\n});\n\n//redis 设置对象\nexecutor.redisSetObject(\'test\',"object1",{name:1,v:2});\n\n//redis 读取对象\nexecutor.redisGetObject(\'test\',\'object1\',function(e,r)\n{\n    console.log(r);\n});\n\n//redis 删除对象\nexecutor.redisDelete(\'test\',\'object1\');\n```\n\n',
17 silly publish   readmeFilename: 'README.md',
17 silly publish   gitHead: 'b9ef44c196761b874ac083f4f93a0ef8a4a2dd90',
17 silly publish   bugs: { url: 'https://github.com/MagicLizi/dataAccess/issues' },
17 silly publish   homepage: 'https://github.com/MagicLizi/dataAccess#readme',
17 silly publish   _id: 'dataAccess@0.0.8',
17 silly publish   scripts: {},
17 silly publish   _shasum: '598d50535facf831c15325e2e35944403f9213f2',
17 silly publish   _from: '.' }
18 verbose getPublishConfig undefined
19 silly mapToRegistry name dataAccess
20 silly mapToRegistry using default registry
21 silly mapToRegistry registry http://registry.npmjs.org/
22 silly mapToRegistry uri http://registry.npmjs.org/dataAccess
23 verbose publish registryBase http://registry.npmjs.org/
24 silly publish uploading /Users/lizi/.npm/dataAccess/0.0.8/package.tgz
25 verbose request uri http://registry.npmjs.org/dataAccess
26 verbose request sending authorization for write operation
27 info attempt registry request try #1 at 11:34:12 AM
28 verbose request using bearer token for auth
29 verbose request id 43b8bd01333d0d4a
30 http request PUT http://registry.npmjs.org/dataAccess
31 http 403 http://registry.npmjs.org/dataAccess
32 verbose headers { 'content-type': 'application/json',
32 verbose headers   'cache-control': 'max-age=300',
32 verbose headers   'content-length': '95',
32 verbose headers   'accept-ranges': 'bytes',
32 verbose headers   date: 'Wed, 04 May 2016 03:34:14 GMT',
32 verbose headers   via: '1.1 varnish',
32 verbose headers   connection: 'keep-alive',
32 verbose headers   'x-served-by': 'cache-dfw1835-DFW',
32 verbose headers   'x-cache': 'MISS',
32 verbose headers   'x-cache-hits': '0',
32 verbose headers   'x-timer': 'S1462332853.118984,VS0,VE986',
32 verbose headers   vary: 'Accept-Encoding' }
33 verbose request invalidating /Users/lizi/.npm/registry.npmjs.org/dataAccess on PUT
34 error publish Failed PUT 403
35 verbose stack Error: "You cannot publish over the previously published version 0.0.8." : dataAccess
35 verbose stack     at makeError (/usr/local/lib/node_modules/npm/node_modules/npm-registry-client/lib/request.js:264:12)
35 verbose stack     at CachingRegistryClient.<anonymous> (/usr/local/lib/node_modules/npm/node_modules/npm-registry-client/lib/request.js:252:14)
35 verbose stack     at Request._callback (/usr/local/lib/node_modules/npm/node_modules/npm-registry-client/lib/request.js:172:14)
35 verbose stack     at Request.self.callback (/usr/local/lib/node_modules/npm/node_modules/request/request.js:198:22)
35 verbose stack     at emitTwo (events.js:87:13)
35 verbose stack     at Request.emit (events.js:172:7)
35 verbose stack     at Request.<anonymous> (/usr/local/lib/node_modules/npm/node_modules/request/request.js:1082:10)
35 verbose stack     at emitOne (events.js:82:20)
35 verbose stack     at Request.emit (events.js:169:7)
35 verbose stack     at IncomingMessage.<anonymous> (/usr/local/lib/node_modules/npm/node_modules/request/request.js:1009:12)
36 verbose statusCode 403
37 verbose pkgid dataAccess
38 verbose cwd /Users/lizi/Desktop/我的类库/dataAccess
39 error Darwin 15.4.0
40 error argv "/usr/local/bin/node" "/usr/local/bin/npm" "publish"
41 error node v4.2.6
42 error npm  v2.14.12
43 error code E403
44 error "You cannot publish over the previously published version 0.0.8." : dataAccess
45 error If you need help, you may report this error at:
45 error     <https://github.com/npm/npm/issues>
46 verbose exit [ 1, true ]
